<?xml version="1.0" encoding="UTF-8"?>
<coverage generated="1578070882">
  <project timestamp="1578070882">
    <file name="C:\wamp64\www\aus\wp-content\plugins\block-extend-martin\build\index.asset.php">
      <line num="3" type="stmt" count="0"/>
      <line num="4" type="stmt" count="0"/>
      <line num="5" type="stmt" count="0"/>
      <line num="6" type="stmt" count="0"/>
      <line num="7" type="stmt" count="0"/>
      <line num="8" type="stmt" count="0"/>
      <line num="9" type="stmt" count="0"/>
      <line num="10" type="stmt" count="0"/>
      <metrics loc="12" ncloc="12" classes="0" methods="0" coveredmethods="0" conditionals="0" coveredconditionals="0" statements="8" coveredstatements="0" elements="8" coveredelements="0"/>
    </file>
    <file name="C:\wamp64\www\aus\wp-content\plugins\block-extend-martin\js\dist\editor.asset.php">
      <metrics loc="0" ncloc="0" classes="0" methods="0" coveredmethods="0" conditionals="0" coveredconditionals="0" statements="0" coveredstatements="0" elements="0" coveredelements="0"/>
    </file>
    <package name="XWP\BlockScaffolding">
      <file name="C:\wamp64\www\aus\wp-content\plugins\block-extend-martin\php\Plugin.php">
        <class name="XWP\BlockScaffolding\Plugin" namespace="XWP\BlockScaffolding">
          <metrics complexity="22" methods="12" coveredmethods="0" conditionals="0" coveredconditionals="0" statements="47" coveredstatements="0" elements="59" coveredelements="0"/>
        </class>
        <line num="42" type="method" name="__construct" visibility="public" complexity="1" crap="2" count="0"/>
        <line num="43" type="stmt" count="0"/>
        <line num="44" type="stmt" count="0"/>
        <line num="45" type="stmt" count="0"/>
        <line num="46" type="stmt" count="0"/>
        <line num="53" type="method" name="dir" visibility="public" complexity="1" crap="2" count="0"/>
        <line num="54" type="stmt" count="0"/>
        <line num="55" type="stmt" count="0"/>
        <line num="62" type="method" name="file" visibility="public" complexity="1" crap="2" count="0"/>
        <line num="63" type="stmt" count="0"/>
        <line num="64" type="stmt" count="0"/>
        <line num="73" type="method" name="basename" visibility="public" complexity="2" crap="6" count="0"/>
        <line num="74" type="stmt" count="0"/>
        <line num="75" type="stmt" count="0"/>
        <line num="76" type="stmt" count="0"/>
        <line num="78" type="stmt" count="0"/>
        <line num="79" type="stmt" count="0"/>
        <line num="87" type="method" name="asset_url" visibility="public" complexity="1" crap="2" count="0"/>
        <line num="88" type="stmt" count="0"/>
        <line num="89" type="stmt" count="0"/>
        <line num="98" type="method" name="uploads_dir" visibility="public" complexity="2" crap="6" count="0"/>
        <line num="99" type="stmt" count="0"/>
        <line num="100" type="stmt" count="0"/>
        <line num="101" type="stmt" count="0"/>
        <line num="103" type="stmt" count="0"/>
        <line num="104" type="stmt" count="0"/>
        <line num="113" type="method" name="uploads_dir_url" visibility="public" complexity="2" crap="6" count="0"/>
        <line num="114" type="stmt" count="0"/>
        <line num="115" type="stmt" count="0"/>
        <line num="116" type="stmt" count="0"/>
        <line num="118" type="stmt" count="0"/>
        <line num="119" type="stmt" count="0"/>
        <line num="126" type="method" name="is_debug" visibility="public" complexity="2" crap="6" count="0"/>
        <line num="127" type="stmt" count="0"/>
        <line num="128" type="stmt" count="0"/>
        <line num="135" type="method" name="is_script_debug" visibility="public" complexity="2" crap="6" count="0"/>
        <line num="136" type="stmt" count="0"/>
        <line num="137" type="stmt" count="0"/>
        <line num="144" type="method" name="version" visibility="public" complexity="1" crap="2" count="0"/>
        <line num="145" type="stmt" count="0"/>
        <line num="146" type="stmt" count="0"/>
        <line num="153" type="method" name="asset_version" visibility="public" complexity="3" crap="12" count="0"/>
        <line num="154" type="stmt" count="0"/>
        <line num="155" type="stmt" count="0"/>
        <line num="156" type="stmt" count="0"/>
        <line num="158" type="stmt" count="0"/>
        <line num="159" type="stmt" count="0"/>
        <line num="168" type="method" name="meta" visibility="public" complexity="4" crap="20" count="0"/>
        <line num="169" type="stmt" count="0"/>
        <line num="171" type="stmt" count="0"/>
        <line num="174" type="stmt" count="0"/>
        <line num="176" type="stmt" count="0"/>
        <line num="177" type="stmt" count="0"/>
        <line num="178" type="stmt" count="0"/>
        <line num="179" type="stmt" count="0"/>
        <line num="181" type="stmt" count="0"/>
        <line num="182" type="stmt" count="0"/>
        <line num="184" type="stmt" count="0"/>
        <line num="185" type="stmt" count="0"/>
        <metrics loc="187" ncloc="90" classes="1" methods="12" coveredmethods="0" conditionals="0" coveredconditionals="0" statements="47" coveredstatements="0" elements="59" coveredelements="0"/>
      </file>
      <file name="C:\wamp64\www\aus\wp-content\plugins\block-extend-martin\php\Router.php">
        <class name="XWP\BlockScaffolding\Router" namespace="XWP\BlockScaffolding">
          <metrics complexity="3" methods="3" coveredmethods="0" conditionals="0" coveredconditionals="0" statements="15" coveredstatements="0" elements="18" coveredelements="0"/>
        </class>
        <line num="27" type="method" name="__construct" visibility="public" complexity="1" crap="2" count="0"/>
        <line num="28" type="stmt" count="0"/>
        <line num="29" type="stmt" count="0"/>
        <line num="36" type="method" name="init" visibility="public" complexity="1" crap="2" count="0"/>
        <line num="37" type="stmt" count="0"/>
        <line num="38" type="stmt" count="0"/>
        <line num="45" type="method" name="enqueue_editor_assets" visibility="public" complexity="1" crap="2" count="0"/>
        <line num="46" type="stmt" count="0"/>
        <line num="47" type="stmt" count="0"/>
        <line num="48" type="stmt" count="0"/>
        <line num="49" type="stmt" count="0"/>
        <line num="50" type="stmt" count="0"/>
        <line num="51" type="stmt" count="0"/>
        <line num="52" type="stmt" count="0"/>
        <line num="53" type="stmt" count="0"/>
        <line num="54" type="stmt" count="0"/>
        <line num="55" type="stmt" count="0"/>
        <line num="56" type="stmt" count="0"/>
        <metrics loc="57" ncloc="29" classes="1" methods="3" coveredmethods="0" conditionals="0" coveredconditionals="0" statements="15" coveredstatements="0" elements="18" coveredelements="0"/>
      </file>
      <file name="C:\wamp64\www\aus\wp-content\plugins\block-extend-martin\src\block\AMP-block\block-init.php">
        <class name="XWP\BlockScaffolding\AMP_Block_Validated_URL_Post_Type" namespace="XWP\BlockScaffolding" fullPackage="AMP.Block.Validated.URL.Post">
          <metrics complexity="18" methods="5" coveredmethods="0" conditionals="0" coveredconditionals="0" statements="88" coveredstatements="0" elements="93" coveredelements="0"/>
        </class>
        <line num="24" type="method" name="display_validated_post_types" visibility="public" complexity="5" crap="30" count="0"/>
        <line num="29" type="stmt" count="0"/>
        <line num="32" type="stmt" count="0"/>
        <line num="35" type="stmt" count="0"/>
        <line num="36" type="stmt" count="0"/>
        <line num="39" type="stmt" count="0"/>
        <line num="40" type="stmt" count="0"/>
        <line num="42" type="stmt" count="0"/>
        <line num="44" type="stmt" count="0"/>
        <line num="50" type="stmt" count="0"/>
        <line num="55" type="method" name="display_validated_taxonomy" visibility="public" complexity="4" crap="20" count="0"/>
        <line num="58" type="stmt" count="0"/>
        <line num="60" type="stmt" count="0"/>
        <line num="61" type="stmt" count="0"/>
        <line num="64" type="stmt" count="0"/>
        <line num="70" type="stmt" count="0"/>
        <line num="75" type="method" name="getHtmlOutput" visibility="public" complexity="7" crap="56" count="0"/>
        <line num="78" type="stmt" count="0"/>
        <line num="81" type="stmt" count="0"/>
        <line num="82" type="stmt" count="0"/>
        <line num="83" type="stmt" count="0"/>
        <line num="84" type="stmt" count="0"/>
        <line num="85" type="stmt" count="0"/>
        <line num="86" type="stmt" count="0"/>
        <line num="87" type="stmt" count="0"/>
        <line num="88" type="stmt" count="0"/>
        <line num="89" type="stmt" count="0"/>
        <line num="91" type="stmt" count="0"/>
        <line num="92" type="stmt" count="0"/>
        <line num="93" type="stmt" count="0"/>
        <line num="97" type="stmt" count="0"/>
        <line num="98" type="stmt" count="0"/>
        <line num="99" type="stmt" count="0"/>
        <line num="101" type="stmt" count="0"/>
        <line num="103" type="stmt" count="0"/>
        <line num="104" type="stmt" count="0"/>
        <line num="105" type="stmt" count="0"/>
        <line num="106" type="stmt" count="0"/>
        <line num="107" type="stmt" count="0"/>
        <line num="108" type="stmt" count="0"/>
        <line num="112" type="stmt" count="0"/>
        <line num="116" type="stmt" count="0"/>
        <line num="117" type="stmt" count="0"/>
        <line num="118" type="stmt" count="0"/>
        <line num="119" type="stmt" count="0"/>
        <line num="120" type="stmt" count="0"/>
        <line num="121" type="stmt" count="0"/>
        <line num="122" type="stmt" count="0"/>
        <line num="123" type="stmt" count="0"/>
        <line num="124" type="stmt" count="0"/>
        <line num="125" type="stmt" count="0"/>
        <line num="126" type="stmt" count="0"/>
        <line num="128" type="stmt" count="0"/>
        <line num="130" type="stmt" count="0"/>
        <line num="131" type="stmt" count="0"/>
        <line num="135" type="stmt" count="0"/>
        <line num="136" type="stmt" count="0"/>
        <line num="137" type="stmt" count="0"/>
        <line num="139" type="stmt" count="0"/>
        <line num="141" type="stmt" count="0"/>
        <line num="142" type="stmt" count="0"/>
        <line num="143" type="stmt" count="0"/>
        <line num="144" type="stmt" count="0"/>
        <line num="145" type="stmt" count="0"/>
        <line num="146" type="stmt" count="0"/>
        <line num="147" type="stmt" count="0"/>
        <line num="152" type="stmt" count="0"/>
        <line num="155" type="stmt" count="0"/>
        <line num="161" type="method" name="AMP_Block_Dynamic" visibility="public" complexity="1" crap="2" count="0"/>
        <line num="164" type="stmt" count="0"/>
        <line num="166" type="stmt" count="0"/>
        <line num="167" type="stmt" count="0"/>
        <line num="168" type="stmt" count="0"/>
        <line num="169" type="stmt" count="0"/>
        <line num="173" type="stmt" count="0"/>
        <line num="174" type="stmt" count="0"/>
        <line num="175" type="stmt" count="0"/>
        <line num="176" type="stmt" count="0"/>
        <line num="177" type="stmt" count="0"/>
        <line num="180" type="stmt" count="0"/>
        <line num="181" type="stmt" count="0"/>
        <line num="182" type="stmt" count="0"/>
        <line num="183" type="stmt" count="0"/>
        <line num="184" type="stmt" count="0"/>
        <line num="188" type="stmt" count="0"/>
        <line num="189" type="stmt" count="0"/>
        <line num="190" type="stmt" count="0"/>
        <line num="191" type="stmt" count="0"/>
        <line num="192" type="stmt" count="0"/>
        <line num="195" type="stmt" count="0"/>
        <line num="198" type="method" name="run" visibility="public" complexity="1" crap="2" count="0"/>
        <line num="200" type="stmt" count="0"/>
        <line num="206" type="stmt" count="0"/>
        <metrics loc="212" ncloc="176" classes="1" methods="5" coveredmethods="0" conditionals="0" coveredconditionals="0" statements="88" coveredstatements="0" elements="93" coveredelements="0"/>
      </file>
    </package>
    <file name="C:\wamp64\www\aus\wp-content\plugins\block-extend-martin\php\WP_Mock.php">
      <class name="WP_Mock" namespace="global" fullPackage="WP">
        <metrics complexity="45" methods="35" coveredmethods="0" conditionals="0" coveredconditionals="0" statements="144" coveredstatements="0" elements="179" coveredelements="0"/>
      </class>
      <line num="58" type="method" name="setUsePatchwork" visibility="public" complexity="2" crap="6" count="0"/>
      <line num="59" type="stmt" count="0"/>
      <line num="60" type="stmt" count="0"/>
      <line num="61" type="stmt" count="0"/>
      <line num="62" type="stmt" count="0"/>
      <line num="64" type="method" name="usingPatchwork" visibility="public" complexity="1" crap="2" count="0"/>
      <line num="65" type="stmt" count="0"/>
      <line num="66" type="stmt" count="0"/>
      <line num="73" type="method" name="strictMode" visibility="public" complexity="1" crap="2" count="0"/>
      <line num="74" type="stmt" count="0"/>
      <line num="75" type="stmt" count="0"/>
      <line num="80" type="method" name="activateStrictMode" visibility="public" complexity="2" crap="6" count="0"/>
      <line num="81" type="stmt" count="0"/>
      <line num="82" type="stmt" count="0"/>
      <line num="83" type="stmt" count="0"/>
      <line num="84" type="stmt" count="0"/>
      <line num="89" type="method" name="bootstrap" visibility="public" complexity="5" crap="30" count="0"/>
      <line num="90" type="stmt" count="0"/>
      <line num="91" type="stmt" count="0"/>
      <line num="92" type="stmt" count="0"/>
      <line num="93" type="stmt" count="0"/>
      <line num="94" type="stmt" count="0"/>
      <line num="95" type="stmt" count="0"/>
      <line num="96" type="stmt" count="0"/>
      <line num="97" type="stmt" count="0"/>
      <line num="98" type="stmt" count="0"/>
      <line num="99" type="stmt" count="0"/>
      <line num="100" type="stmt" count="0"/>
      <line num="101" type="stmt" count="0"/>
      <line num="102" type="stmt" count="0"/>
      <line num="103" type="stmt" count="0"/>
      <line num="104" type="stmt" count="0"/>
      <line num="105" type="stmt" count="0"/>
      <line num="106" type="stmt" count="0"/>
      <line num="108" type="stmt" count="0"/>
      <line num="109" type="stmt" count="0"/>
      <line num="110" type="stmt" count="0"/>
      <line num="111" type="stmt" count="0"/>
      <line num="112" type="stmt" count="0"/>
      <line num="117" type="method" name="setUp" visibility="public" complexity="2" crap="6" count="0"/>
      <line num="118" type="stmt" count="0"/>
      <line num="119" type="stmt" count="0"/>
      <line num="121" type="stmt" count="0"/>
      <line num="122" type="stmt" count="0"/>
      <line num="123" type="stmt" count="0"/>
      <line num="124" type="stmt" count="0"/>
      <line num="125" type="stmt" count="0"/>
      <line num="126" type="stmt" count="0"/>
      <line num="131" type="method" name="tearDown" visibility="public" complexity="1" crap="2" count="0"/>
      <line num="132" type="stmt" count="0"/>
      <line num="133" type="stmt" count="0"/>
      <line num="135" type="stmt" count="0"/>
      <line num="136" type="stmt" count="0"/>
      <line num="137" type="stmt" count="0"/>
      <line num="146" type="method" name="onFilter" visibility="public" complexity="1" crap="2" count="0"/>
      <line num="147" type="stmt" count="0"/>
      <line num="148" type="stmt" count="0"/>
      <line num="149" type="stmt" count="0"/>
      <line num="158" type="method" name="onAction" visibility="public" complexity="1" crap="2" count="0"/>
      <line num="159" type="stmt" count="0"/>
      <line num="160" type="stmt" count="0"/>
      <line num="170" type="method" name="onHookAdded" visibility="public" complexity="1" crap="2" count="0"/>
      <line num="171" type="stmt" count="0"/>
      <line num="172" type="stmt" count="0"/>
      <line num="181" type="method" name="onFilterAdded" visibility="public" complexity="1" crap="2" count="0"/>
      <line num="182" type="stmt" count="0"/>
      <line num="183" type="stmt" count="0"/>
      <line num="192" type="method" name="onActionAdded" visibility="public" complexity="1" crap="2" count="0"/>
      <line num="193" type="stmt" count="0"/>
      <line num="194" type="stmt" count="0"/>
      <line num="201" type="method" name="invokeAction" visibility="public" complexity="1" crap="2" count="0"/>
      <line num="202" type="stmt" count="0"/>
      <line num="203" type="stmt" count="0"/>
      <line num="205" type="method" name="addFilter" visibility="public" complexity="1" crap="2" count="0"/>
      <line num="206" type="stmt" count="0"/>
      <line num="207" type="stmt" count="0"/>
      <line num="209" type="method" name="addAction" visibility="public" complexity="1" crap="2" count="0"/>
      <line num="210" type="stmt" count="0"/>
      <line num="211" type="stmt" count="0"/>
      <line num="213" type="method" name="addHook" visibility="public" complexity="1" crap="2" count="0"/>
      <line num="214" type="stmt" count="0"/>
      <line num="215" type="stmt" count="0"/>
      <line num="216" type="stmt" count="0"/>
      <line num="226" type="method" name="expectAction" visibility="public" complexity="2" crap="6" count="0"/>
      <line num="227" type="stmt" count="0"/>
      <line num="228" type="stmt" count="0"/>
      <line num="229" type="stmt" count="0"/>
      <line num="230" type="stmt" count="0"/>
      <line num="232" type="stmt" count="0"/>
      <line num="233" type="stmt" count="0"/>
      <line num="234" type="stmt" count="0"/>
      <line num="235" type="stmt" count="0"/>
      <line num="245" type="method" name="expectFilter" visibility="public" complexity="2" crap="6" count="0"/>
      <line num="246" type="stmt" count="0"/>
      <line num="248" type="stmt" count="0"/>
      <line num="249" type="stmt" count="0"/>
      <line num="250" type="stmt" count="0"/>
      <line num="252" type="stmt" count="0"/>
      <line num="253" type="stmt" count="0"/>
      <line num="254" type="stmt" count="0"/>
      <line num="255" type="stmt" count="0"/>
      <line num="260" type="method" name="assertActionsCalled" visibility="public" complexity="1" crap="2" count="0"/>
      <line num="261" type="stmt" count="0"/>
      <line num="262" type="stmt" count="0"/>
      <line num="263" type="stmt" count="0"/>
      <line num="264" type="stmt" count="0"/>
      <line num="269" type="method" name="assertFiltersCalled" visibility="public" complexity="1" crap="2" count="0"/>
      <line num="270" type="stmt" count="0"/>
      <line num="271" type="stmt" count="0"/>
      <line num="272" type="stmt" count="0"/>
      <line num="273" type="stmt" count="0"/>
      <line num="285" type="method" name="expectActionAdded" visibility="public" complexity="1" crap="2" count="0"/>
      <line num="286" type="stmt" count="0"/>
      <line num="287" type="stmt" count="0"/>
      <line num="296" type="method" name="expectActionNotAdded" visibility="public" complexity="1" crap="2" count="0"/>
      <line num="297" type="stmt" count="0"/>
      <line num="298" type="stmt" count="0"/>
      <line num="310" type="method" name="expectFilterAdded" visibility="public" complexity="1" crap="2" count="0"/>
      <line num="311" type="stmt" count="0"/>
      <line num="312" type="stmt" count="0"/>
      <line num="321" type="method" name="expectFilterNotAdded" visibility="public" complexity="1" crap="2" count="0"/>
      <line num="322" type="stmt" count="0"/>
      <line num="323" type="stmt" count="0"/>
      <line num="334" type="method" name="expectHookAdded" visibility="public" complexity="1" crap="2" count="0"/>
      <line num="335" type="stmt" count="0"/>
      <line num="336" type="stmt" count="0"/>
      <line num="339" type="stmt" count="0"/>
      <line num="340" type="stmt" count="0"/>
      <line num="341" type="stmt" count="0"/>
      <line num="342" type="stmt" count="0"/>
      <line num="352" type="method" name="expectHookNotAdded" visibility="public" complexity="1" crap="2" count="0"/>
      <line num="353" type="stmt" count="0"/>
      <line num="354" type="stmt" count="0"/>
      <line num="357" type="stmt" count="0"/>
      <line num="358" type="stmt" count="0"/>
      <line num="359" type="stmt" count="0"/>
      <line num="360" type="stmt" count="0"/>
      <line num="365" type="method" name="assertHooksAdded" visibility="public" complexity="1" crap="2" count="0"/>
      <line num="366" type="stmt" count="0"/>
      <line num="367" type="stmt" count="0"/>
      <line num="368" type="stmt" count="0"/>
      <line num="369" type="stmt" count="0"/>
      <line num="435" type="method" name="userFunction" visibility="public" complexity="1" crap="2" count="0"/>
      <line num="436" type="stmt" count="0"/>
      <line num="437" type="stmt" count="0"/>
      <line num="449" type="method" name="wpFunction" visibility="public" complexity="1" crap="2" count="0"/>
      <line num="450" type="stmt" count="0"/>
      <line num="451" type="stmt" count="0"/>
      <line num="452" type="stmt" count="0"/>
      <line num="468" type="method" name="echoFunction" visibility="public" complexity="1" crap="2" count="0"/>
      <line num="469" type="stmt" count="0"/>
      <line num="471" type="stmt" count="0"/>
      <line num="472" type="stmt" count="0"/>
      <line num="473" type="stmt" count="0"/>
      <line num="474" type="stmt" count="0"/>
      <line num="490" type="method" name="passthruFunction" visibility="public" complexity="1" crap="2" count="0"/>
      <line num="491" type="stmt" count="0"/>
      <line num="493" type="stmt" count="0"/>
      <line num="494" type="stmt" count="0"/>
      <line num="495" type="stmt" count="0"/>
      <line num="496" type="stmt" count="0"/>
      <line num="508" type="method" name="wpPassthruFunction" visibility="public" complexity="1" crap="2" count="0"/>
      <line num="509" type="stmt" count="0"/>
      <line num="510" type="stmt" count="0"/>
      <line num="511" type="stmt" count="0"/>
      <line num="524" type="method" name="alias" visibility="public" complexity="2" crap="6" count="0"/>
      <line num="525" type="stmt" count="0"/>
      <line num="526" type="stmt" count="0"/>
      <line num="528" type="stmt" count="0"/>
      <line num="529" type="stmt" count="0"/>
      <line num="530" type="stmt" count="0"/>
      <line num="531" type="stmt" count="0"/>
      <line num="532" type="stmt" count="0"/>
      <line num="547" type="method" name="fuzzyObject" visibility="public" complexity="1" crap="2" count="0"/>
      <line num="548" type="stmt" count="0"/>
      <line num="549" type="stmt" count="0"/>
      <line num="554" type="method" name="getDeprecatedListener" visibility="public" complexity="1" crap="2" count="0"/>
      <line num="555" type="stmt" count="0"/>
      <line num="556" type="stmt" count="0"/>
      <metrics loc="557" ncloc="240" classes="1" methods="35" coveredmethods="0" conditionals="0" coveredconditionals="0" statements="144" coveredstatements="0" elements="179" coveredelements="0"/>
    </file>
    <file name="C:\wamp64\www\aus\wp-content\plugins\block-extend-martin\php\WP_Mock\API\constant-mocks.php">
      <line num="16" type="stmt" count="0"/>
      <line num="17" type="stmt" count="0"/>
      <line num="18" type="stmt" count="0"/>
      <line num="20" type="stmt" count="0"/>
      <line num="21" type="stmt" count="0"/>
      <line num="22" type="stmt" count="0"/>
      <line num="24" type="stmt" count="0"/>
      <line num="25" type="stmt" count="0"/>
      <line num="26" type="stmt" count="0"/>
      <line num="31" type="stmt" count="0"/>
      <line num="32" type="stmt" count="0"/>
      <line num="33" type="stmt" count="0"/>
      <line num="41" type="stmt" count="0"/>
      <line num="42" type="stmt" count="0"/>
      <line num="43" type="stmt" count="0"/>
      <line num="45" type="stmt" count="0"/>
      <line num="46" type="stmt" count="0"/>
      <line num="47" type="stmt" count="0"/>
      <line num="49" type="stmt" count="0"/>
      <line num="50" type="stmt" count="0"/>
      <line num="51" type="stmt" count="0"/>
      <line num="56" type="stmt" count="0"/>
      <line num="57" type="stmt" count="0"/>
      <line num="58" type="stmt" count="0"/>
      <line num="63" type="stmt" count="0"/>
      <line num="64" type="stmt" count="0"/>
      <line num="65" type="stmt" count="0"/>
      <line num="70" type="stmt" count="0"/>
      <line num="71" type="stmt" count="0"/>
      <line num="72" type="stmt" count="0"/>
      <metrics loc="72" ncloc="41" classes="0" methods="0" coveredmethods="0" conditionals="0" coveredconditionals="0" statements="30" coveredstatements="0" elements="30" coveredelements="0"/>
    </file>
    <file name="C:\wamp64\www\aus\wp-content\plugins\block-extend-martin\php\WP_Mock\API\dummy-files\themes\vip\plugins\vip-init.php">
      <metrics loc="0" ncloc="0" classes="0" methods="0" coveredmethods="0" conditionals="0" coveredconditionals="0" statements="0" coveredstatements="0" elements="0" coveredelements="0"/>
    </file>
    <file name="C:\wamp64\www\aus\wp-content\plugins\block-extend-martin\php\WP_Mock\API\dummy-files\wp-includes\class-http.php">
      <metrics loc="0" ncloc="0" classes="0" methods="0" coveredmethods="0" conditionals="0" coveredconditionals="0" statements="0" coveredstatements="0" elements="0" coveredelements="0"/>
    </file>
    <file name="C:\wamp64\www\aus\wp-content\plugins\block-extend-martin\php\WP_Mock\API\function-mocks.php">
      <line num="3" type="stmt" count="0"/>
      <line num="18" type="stmt" count="0"/>
      <line num="19" type="stmt" count="0"/>
      <line num="20" type="stmt" count="0"/>
      <line num="22" type="stmt" count="0"/>
      <line num="32" type="stmt" count="0"/>
      <line num="33" type="stmt" count="0"/>
      <line num="35" type="stmt" count="0"/>
      <line num="36" type="stmt" count="0"/>
      <line num="37" type="stmt" count="0"/>
      <line num="39" type="stmt" count="0"/>
      <line num="44" type="stmt" count="0"/>
      <line num="45" type="stmt" count="0"/>
      <line num="46" type="stmt" count="0"/>
      <line num="48" type="stmt" count="0"/>
      <line num="59" type="stmt" count="0"/>
      <line num="60" type="stmt" count="0"/>
      <line num="61" type="stmt" count="0"/>
      <line num="63" type="stmt" count="0"/>
      <line num="64" type="stmt" count="0"/>
      <line num="65" type="stmt" count="0"/>
      <line num="67" type="stmt" count="0"/>
      <line num="69" type="stmt" count="0"/>
      <line num="70" type="stmt" count="0"/>
      <line num="71" type="stmt" count="0"/>
      <line num="73" type="stmt" count="0"/>
      <line num="75" type="stmt" count="0"/>
      <line num="76" type="stmt" count="0"/>
      <line num="77" type="stmt" count="0"/>
      <line num="79" type="stmt" count="0"/>
      <line num="81" type="stmt" count="0"/>
      <line num="82" type="stmt" count="0"/>
      <line num="83" type="stmt" count="0"/>
      <line num="85" type="stmt" count="0"/>
      <line num="87" type="stmt" count="0"/>
      <line num="88" type="stmt" count="0"/>
      <line num="89" type="stmt" count="0"/>
      <line num="91" type="stmt" count="0"/>
      <line num="93" type="stmt" count="0"/>
      <line num="94" type="stmt" count="0"/>
      <line num="95" type="stmt" count="0"/>
      <line num="97" type="stmt" count="0"/>
      <line num="99" type="stmt" count="0"/>
      <line num="100" type="stmt" count="0"/>
      <line num="101" type="stmt" count="0"/>
      <line num="103" type="stmt" count="0"/>
      <line num="105" type="stmt" count="0"/>
      <line num="106" type="stmt" count="0"/>
      <line num="107" type="stmt" count="0"/>
      <line num="109" type="stmt" count="0"/>
      <line num="111" type="stmt" count="0"/>
      <line num="112" type="stmt" count="0"/>
      <line num="113" type="stmt" count="0"/>
      <line num="115" type="stmt" count="0"/>
      <line num="117" type="stmt" count="0"/>
      <line num="118" type="stmt" count="0"/>
      <line num="119" type="stmt" count="0"/>
      <line num="121" type="stmt" count="0"/>
      <line num="123" type="stmt" count="0"/>
      <line num="124" type="stmt" count="0"/>
      <line num="125" type="stmt" count="0"/>
      <line num="127" type="stmt" count="0"/>
      <line num="129" type="stmt" count="0"/>
      <line num="130" type="stmt" count="0"/>
      <line num="131" type="stmt" count="0"/>
      <line num="133" type="stmt" count="0"/>
      <line num="135" type="stmt" count="0"/>
      <line num="136" type="stmt" count="0"/>
      <line num="137" type="stmt" count="0"/>
      <line num="139" type="stmt" count="0"/>
      <line num="141" type="stmt" count="0"/>
      <line num="142" type="stmt" count="0"/>
      <line num="143" type="stmt" count="0"/>
      <line num="145" type="stmt" count="0"/>
      <line num="147" type="stmt" count="0"/>
      <line num="148" type="stmt" count="0"/>
      <line num="149" type="stmt" count="0"/>
      <line num="151" type="stmt" count="0"/>
      <line num="153" type="stmt" count="0"/>
      <line num="154" type="stmt" count="0"/>
      <line num="155" type="stmt" count="0"/>
      <line num="157" type="stmt" count="0"/>
      <line num="159" type="stmt" count="0"/>
      <line num="160" type="stmt" count="0"/>
      <line num="161" type="stmt" count="0"/>
      <metrics loc="161" ncloc="128" classes="0" methods="0" coveredmethods="0" conditionals="0" coveredconditionals="0" statements="85" coveredstatements="0" elements="85" coveredelements="0"/>
    </file>
    <package name="WP_Mock">
      <file name="C:\wamp64\www\aus\wp-content\plugins\block-extend-martin\php\WP_Mock\Action.php">
        <class name="WP_Mock\Action" namespace="WP_Mock">
          <metrics complexity="9" methods="3" coveredmethods="0" conditionals="0" coveredconditionals="0" statements="30" coveredstatements="0" elements="33" coveredelements="0"/>
        </class>
        <class name="WP_Mock\Action_Responder" namespace="WP_Mock" fullPackage="Action">
          <metrics complexity="2" methods="2" coveredmethods="0" conditionals="0" coveredconditionals="0" statements="4" coveredstatements="0" elements="6" coveredelements="0"/>
        </class>
        <line num="14" type="method" name="react" visibility="public" complexity="7" crap="56" count="0"/>
        <line num="15" type="stmt" count="0"/>
        <line num="17" type="stmt" count="0"/>
        <line num="19" type="stmt" count="0"/>
        <line num="20" type="stmt" count="0"/>
        <line num="21" type="stmt" count="0"/>
        <line num="23" type="stmt" count="0"/>
        <line num="24" type="stmt" count="0"/>
        <line num="26" type="stmt" count="0"/>
        <line num="27" type="stmt" count="0"/>
        <line num="28" type="stmt" count="0"/>
        <line num="29" type="stmt" count="0"/>
        <line num="30" type="stmt" count="0"/>
        <line num="32" type="stmt" count="0"/>
        <line num="33" type="stmt" count="0"/>
        <line num="35" type="stmt" count="0"/>
        <line num="36" type="stmt" count="0"/>
        <line num="38" type="stmt" count="0"/>
        <line num="39" type="stmt" count="0"/>
        <line num="41" type="stmt" count="0"/>
        <line num="42" type="stmt" count="0"/>
        <line num="43" type="stmt" count="0"/>
        <line num="45" type="stmt" count="0"/>
        <line num="46" type="stmt" count="0"/>
        <line num="48" type="stmt" count="0"/>
        <line num="49" type="stmt" count="0"/>
        <line num="50" type="stmt" count="0"/>
        <line num="52" type="method" name="new_responder" visibility="protected" complexity="1" crap="2" count="0"/>
        <line num="53" type="stmt" count="0"/>
        <line num="54" type="stmt" count="0"/>
        <line num="59" type="method" name="get_strict_mode_message" visibility="protected" complexity="1" crap="2" count="0"/>
        <line num="60" type="stmt" count="0"/>
        <line num="61" type="stmt" count="0"/>
        <line num="70" type="method" name="perform" visibility="public" complexity="1" crap="2" count="0"/>
        <line num="71" type="stmt" count="0"/>
        <line num="72" type="stmt" count="0"/>
        <line num="74" type="method" name="react" visibility="public" complexity="1" crap="2" count="0"/>
        <line num="75" type="stmt" count="0"/>
        <line num="76" type="stmt" count="0"/>
        <metrics loc="77" ncloc="64" classes="2" methods="5" coveredmethods="0" conditionals="0" coveredconditionals="0" statements="34" coveredstatements="0" elements="39" coveredelements="0"/>
      </file>
      <file name="C:\wamp64\www\aus\wp-content\plugins\block-extend-martin\php\WP_Mock\DeprecatedListener.php">
        <class name="WP_Mock\DeprecatedListener" namespace="WP_Mock">
          <metrics complexity="22" methods="10" coveredmethods="0" conditionals="0" coveredconditionals="0" statements="69" coveredstatements="0" elements="79" coveredelements="0"/>
        </class>
        <line num="21" type="method" name="logDeprecatedCall" visibility="public" complexity="1" crap="2" count="0"/>
        <line num="22" type="stmt" count="0"/>
        <line num="23" type="stmt" count="0"/>
        <line num="25" type="method" name="reset" visibility="public" complexity="1" crap="2" count="0"/>
        <line num="26" type="stmt" count="0"/>
        <line num="27" type="stmt" count="0"/>
        <line num="29" type="method" name="checkCalls" visibility="public" complexity="2" crap="6" count="0"/>
        <line num="30" type="stmt" count="0"/>
        <line num="31" type="stmt" count="0"/>
        <line num="32" type="stmt" count="0"/>
        <line num="33" type="stmt" count="0"/>
        <line num="34" type="stmt" count="0"/>
        <line num="35" type="stmt" count="0"/>
        <line num="40" type="method" name="setTestResult" visibility="public" complexity="1" crap="2" count="0"/>
        <line num="41" type="stmt" count="0"/>
        <line num="42" type="stmt" count="0"/>
        <line num="47" type="method" name="setTestName" visibility="public" complexity="1" crap="2" count="0"/>
        <line num="48" type="stmt" count="0"/>
        <line num="49" type="stmt" count="0"/>
        <line num="51" type="method" name="setTestCase" visibility="public" complexity="1" crap="2" count="0"/>
        <line num="52" type="stmt" count="0"/>
        <line num="53" type="stmt" count="0"/>
        <line num="55" type="method" name="getMessage" visibility="protected" complexity="4" crap="20" count="0"/>
        <line num="57" type="stmt" count="0"/>
        <line num="58" type="stmt" count="0"/>
        <line num="59" type="stmt" count="0"/>
        <line num="60" type="stmt" count="0"/>
        <line num="61" type="stmt" count="0"/>
        <line num="62" type="stmt" count="0"/>
        <line num="63" type="stmt" count="0"/>
        <line num="64" type="stmt" count="0"/>
        <line num="65" type="stmt" count="0"/>
        <line num="66" type="stmt" count="0"/>
        <line num="67" type="stmt" count="0"/>
        <line num="68" type="stmt" count="0"/>
        <line num="69" type="stmt" count="0"/>
        <line num="70" type="stmt" count="0"/>
        <line num="71" type="stmt" count="0"/>
        <line num="72" type="stmt" count="0"/>
        <line num="73" type="stmt" count="0"/>
        <line num="74" type="stmt" count="0"/>
        <line num="76" type="stmt" count="0"/>
        <line num="77" type="stmt" count="0"/>
        <line num="79" type="method" name="getDeprecatedMethods" visibility="protected" complexity="2" crap="6" count="0"/>
        <line num="80" type="stmt" count="0"/>
        <line num="81" type="stmt" count="0"/>
        <line num="82" type="stmt" count="0"/>
        <line num="83" type="stmt" count="0"/>
        <line num="85" type="stmt" count="0"/>
        <line num="86" type="stmt" count="0"/>
        <line num="88" type="method" name="getDeprecatedMethodsWithArgs" visibility="protected" complexity="3" crap="12" count="0"/>
        <line num="89" type="stmt" count="0"/>
        <line num="90" type="stmt" count="0"/>
        <line num="91" type="stmt" count="0"/>
        <line num="92" type="stmt" count="0"/>
        <line num="93" type="stmt" count="0"/>
        <line num="94" type="stmt" count="0"/>
        <line num="95" type="stmt" count="0"/>
        <line num="96" type="stmt" count="0"/>
        <line num="97" type="stmt" count="0"/>
        <line num="99" type="stmt" count="0"/>
        <line num="100" type="stmt" count="0"/>
        <line num="102" type="method" name="scalarizeArg" visibility="protected" complexity="6" crap="42" count="0"/>
        <line num="103" type="stmt" count="0"/>
        <line num="104" type="stmt" count="0"/>
        <line num="105" type="stmt" count="0"/>
        <line num="106" type="stmt" count="0"/>
        <line num="107" type="stmt" count="0"/>
        <line num="108" type="stmt" count="0"/>
        <line num="109" type="stmt" count="0"/>
        <line num="110" type="stmt" count="0"/>
        <line num="111" type="stmt" count="0"/>
        <line num="112" type="stmt" count="0"/>
        <line num="113" type="stmt" count="0"/>
        <line num="114" type="stmt" count="0"/>
        <line num="115" type="stmt" count="0"/>
        <line num="116" type="stmt" count="0"/>
        <line num="117" type="stmt" count="0"/>
        <line num="118" type="stmt" count="0"/>
        <metrics loc="119" ncloc="109" classes="1" methods="10" coveredmethods="0" conditionals="0" coveredconditionals="0" statements="69" coveredstatements="0" elements="79" coveredelements="0"/>
      </file>
      <file name="C:\wamp64\www\aus\wp-content\plugins\block-extend-martin\php\WP_Mock\EventManager.php">
        <class name="WP_Mock\EventManager" namespace="WP_Mock">
          <metrics complexity="21" methods="12" coveredmethods="0" conditionals="0" coveredconditionals="0" statements="57" coveredstatements="0" elements="69" coveredelements="0"/>
        </class>
        <line num="23" type="method" name="__construct" visibility="public" complexity="1" crap="2" count="0"/>
        <line num="24" type="stmt" count="0"/>
        <line num="25" type="stmt" count="0"/>
        <line num="30" type="method" name="flush" visibility="public" complexity="1" crap="2" count="0"/>
        <line num="31" type="stmt" count="0"/>
        <line num="32" type="stmt" count="0"/>
        <line num="33" type="stmt" count="0"/>
        <line num="34" type="stmt" count="0"/>
        <line num="41" type="method" name="action" visibility="public" complexity="2" crap="6" count="0"/>
        <line num="42" type="stmt" count="0"/>
        <line num="43" type="stmt" count="0"/>
        <line num="44" type="stmt" count="0"/>
        <line num="45" type="stmt" count="0"/>
        <line num="47" type="stmt" count="0"/>
        <line num="48" type="stmt" count="0"/>
        <line num="55" type="method" name="filter" visibility="public" complexity="2" crap="6" count="0"/>
        <line num="56" type="stmt" count="0"/>
        <line num="57" type="stmt" count="0"/>
        <line num="58" type="stmt" count="0"/>
        <line num="59" type="stmt" count="0"/>
        <line num="61" type="stmt" count="0"/>
        <line num="62" type="stmt" count="0"/>
        <line num="64" type="method" name="callback" visibility="public" complexity="2" crap="6" count="0"/>
        <line num="65" type="stmt" count="0"/>
        <line num="66" type="stmt" count="0"/>
        <line num="67" type="stmt" count="0"/>
        <line num="68" type="stmt" count="0"/>
        <line num="69" type="stmt" count="0"/>
        <line num="70" type="stmt" count="0"/>
        <line num="71" type="stmt" count="0"/>
        <line num="73" type="stmt" count="0"/>
        <line num="74" type="stmt" count="0"/>
        <line num="82" type="method" name="called" visibility="public" complexity="1" crap="2" count="0"/>
        <line num="83" type="stmt" count="0"/>
        <line num="84" type="stmt" count="0"/>
        <line num="85" type="stmt" count="0"/>
        <line num="92" type="method" name="expectedActions" visibility="public" complexity="1" crap="2" count="0"/>
        <line num="93" type="stmt" count="0"/>
        <line num="94" type="stmt" count="0"/>
        <line num="100" type="method" name="expectedFilters" visibility="public" complexity="1" crap="2" count="0"/>
        <line num="101" type="stmt" count="0"/>
        <line num="102" type="stmt" count="0"/>
        <line num="108" type="method" name="expectedHooks" visibility="public" complexity="1" crap="2" count="0"/>
        <line num="109" type="stmt" count="0"/>
        <line num="110" type="stmt" count="0"/>
        <line num="117" type="method" name="allActionsCalled" visibility="public" complexity="3" crap="12" count="0"/>
        <line num="118" type="stmt" count="0"/>
        <line num="119" type="stmt" count="0"/>
        <line num="120" type="stmt" count="0"/>
        <line num="121" type="stmt" count="0"/>
        <line num="122" type="stmt" count="0"/>
        <line num="124" type="stmt" count="0"/>
        <line num="125" type="stmt" count="0"/>
        <line num="132" type="method" name="allFiltersCalled" visibility="public" complexity="3" crap="12" count="0"/>
        <line num="133" type="stmt" count="0"/>
        <line num="134" type="stmt" count="0"/>
        <line num="135" type="stmt" count="0"/>
        <line num="136" type="stmt" count="0"/>
        <line num="137" type="stmt" count="0"/>
        <line num="139" type="stmt" count="0"/>
        <line num="140" type="stmt" count="0"/>
        <line num="147" type="method" name="allHooksAdded" visibility="public" complexity="3" crap="12" count="0"/>
        <line num="148" type="stmt" count="0"/>
        <line num="149" type="stmt" count="0"/>
        <line num="150" type="stmt" count="0"/>
        <line num="151" type="stmt" count="0"/>
        <line num="152" type="stmt" count="0"/>
        <line num="154" type="stmt" count="0"/>
        <line num="155" type="stmt" count="0"/>
        <metrics loc="156" ncloc="100" classes="1" methods="12" coveredmethods="0" conditionals="0" coveredconditionals="0" statements="57" coveredstatements="0" elements="69" coveredelements="0"/>
      </file>
      <file name="C:\wamp64\www\aus\wp-content\plugins\block-extend-martin\php\WP_Mock\Filter.php">
        <class name="WP_Mock\Filter" namespace="WP_Mock">
          <metrics complexity="9" methods="3" coveredmethods="0" conditionals="0" coveredconditionals="0" statements="22" coveredstatements="0" elements="25" coveredelements="0"/>
        </class>
        <class name="WP_Mock\Filter_Responder" namespace="WP_Mock" fullPackage="Filter">
          <metrics complexity="3" methods="2" coveredmethods="0" conditionals="0" coveredconditionals="0" statements="7" coveredstatements="0" elements="9" coveredelements="0"/>
        </class>
        <line num="21" type="method" name="apply" visibility="public" complexity="7" crap="56" count="0"/>
        <line num="22" type="stmt" count="0"/>
        <line num="23" type="stmt" count="0"/>
        <line num="24" type="stmt" count="0"/>
        <line num="25" type="stmt" count="0"/>
        <line num="26" type="stmt" count="0"/>
        <line num="28" type="stmt" count="0"/>
        <line num="29" type="stmt" count="0"/>
        <line num="31" type="stmt" count="0"/>
        <line num="32" type="stmt" count="0"/>
        <line num="33" type="stmt" count="0"/>
        <line num="34" type="stmt" count="0"/>
        <line num="35" type="stmt" count="0"/>
        <line num="37" type="stmt" count="0"/>
        <line num="38" type="stmt" count="0"/>
        <line num="40" type="stmt" count="0"/>
        <line num="41" type="stmt" count="0"/>
        <line num="43" type="stmt" count="0"/>
        <line num="44" type="stmt" count="0"/>
        <line num="46" type="method" name="new_responder" visibility="protected" complexity="1" crap="2" count="0"/>
        <line num="47" type="stmt" count="0"/>
        <line num="48" type="stmt" count="0"/>
        <line num="53" type="method" name="get_strict_mode_message" visibility="protected" complexity="1" crap="2" count="0"/>
        <line num="54" type="stmt" count="0"/>
        <line num="55" type="stmt" count="0"/>
        <line num="64" type="method" name="reply" visibility="public" complexity="1" crap="2" count="0"/>
        <line num="65" type="stmt" count="0"/>
        <line num="66" type="stmt" count="0"/>
        <line num="68" type="method" name="send" visibility="public" complexity="2" crap="6" count="0"/>
        <line num="69" type="stmt" count="0"/>
        <line num="70" type="stmt" count="0"/>
        <line num="71" type="stmt" count="0"/>
        <line num="73" type="stmt" count="0"/>
        <line num="74" type="stmt" count="0"/>
        <metrics loc="76" ncloc="56" classes="2" methods="5" coveredmethods="0" conditionals="0" coveredconditionals="0" statements="29" coveredstatements="0" elements="34" coveredelements="0"/>
      </file>
      <file name="C:\wamp64\www\aus\wp-content\plugins\block-extend-martin\php\WP_Mock\Functions.php">
        <class name="WP_Mock\Functions" namespace="WP_Mock">
          <metrics complexity="43" methods="11" coveredmethods="0" conditionals="0" coveredconditionals="0" statements="161" coveredstatements="0" elements="172" coveredelements="0"/>
        </class>
        <line num="20" type="method" name="__construct" visibility="public" complexity="1" crap="2" count="0"/>
        <line num="21" type="stmt" count="0"/>
        <line num="22" type="stmt" count="0"/>
        <line num="23" type="stmt" count="0"/>
        <line num="28" type="method" name="flush" visibility="public" complexity="3" crap="12" count="0"/>
        <line num="29" type="stmt" count="0"/>
        <line num="30" type="stmt" count="0"/>
        <line num="31" type="stmt" count="0"/>
        <line num="32" type="stmt" count="0"/>
        <line num="33" type="stmt" count="0"/>
        <line num="34" type="stmt" count="0"/>
        <line num="35" type="stmt" count="0"/>
        <line num="36" type="stmt" count="0"/>
        <line num="37" type="stmt" count="0"/>
        <line num="38" type="stmt" count="0"/>
        <line num="39" type="stmt" count="0"/>
        <line num="40" type="stmt" count="0"/>
        <line num="41" type="stmt" count="0"/>
        <line num="42" type="stmt" count="0"/>
        <line num="43" type="stmt" count="0"/>
        <line num="44" type="stmt" count="0"/>
        <line num="45" type="stmt" count="0"/>
        <line num="46" type="stmt" count="0"/>
        <line num="47" type="stmt" count="0"/>
        <line num="48" type="stmt" count="0"/>
        <line num="49" type="stmt" count="0"/>
        <line num="50" type="stmt" count="0"/>
        <line num="51" type="stmt" count="0"/>
        <line num="52" type="stmt" count="0"/>
        <line num="53" type="stmt" count="0"/>
        <line num="54" type="stmt" count="0"/>
        <line num="55" type="stmt" count="0"/>
        <line num="56" type="stmt" count="0"/>
        <line num="57" type="stmt" count="0"/>
        <line num="58" type="stmt" count="0"/>
        <line num="59" type="stmt" count="0"/>
        <line num="71" type="method" name="register" visibility="public" complexity="3" crap="12" count="0"/>
        <line num="72" type="stmt" count="0"/>
        <line num="73" type="stmt" count="0"/>
        <line num="74" type="stmt" count="0"/>
        <line num="75" type="stmt" count="0"/>
        <line num="76" type="stmt" count="0"/>
        <line num="77" type="stmt" count="0"/>
        <line num="78" type="stmt" count="0"/>
        <line num="80" type="stmt" count="0"/>
        <line num="81" type="stmt" count="0"/>
        <line num="82" type="stmt" count="0"/>
        <line num="83" type="stmt" count="0"/>
        <line num="84" type="stmt" count="0"/>
        <line num="85" type="stmt" count="0"/>
        <line num="86" type="stmt" count="0"/>
        <line num="87" type="stmt" count="0"/>
        <line num="95" type="method" name="anyOf" visibility="public" complexity="1" crap="2" count="0"/>
        <line num="96" type="stmt" count="0"/>
        <line num="97" type="stmt" count="0"/>
        <line num="110" type="method" name="type" visibility="public" complexity="1" crap="2" count="0"/>
        <line num="111" type="stmt" count="0"/>
        <line num="112" type="stmt" count="0"/>
        <line num="123" type="method" name="set_up_mock" visibility="protected" complexity="18" crap="342" count="0"/>
        <line num="124" type="stmt" count="0"/>
        <line num="126" type="stmt" count="0"/>
        <line num="127" type="stmt" count="0"/>
        <line num="128" type="stmt" count="0"/>
        <line num="129" type="stmt" count="0"/>
        <line num="130" type="stmt" count="0"/>
        <line num="131" type="stmt" count="0"/>
        <line num="132" type="stmt" count="0"/>
        <line num="133" type="stmt" count="0"/>
        <line num="134" type="stmt" count="0"/>
        <line num="135" type="stmt" count="0"/>
        <line num="136" type="stmt" count="0"/>
        <line num="137" type="stmt" count="0"/>
        <line num="138" type="stmt" count="0"/>
        <line num="139" type="stmt" count="0"/>
        <line num="140" type="stmt" count="0"/>
        <line num="141" type="stmt" count="0"/>
        <line num="142" type="stmt" count="0"/>
        <line num="143" type="stmt" count="0"/>
        <line num="145" type="stmt" count="0"/>
        <line num="146" type="stmt" count="0"/>
        <line num="147" type="stmt" count="0"/>
        <line num="148" type="stmt" count="0"/>
        <line num="149" type="stmt" count="0"/>
        <line num="150" type="stmt" count="0"/>
        <line num="151" type="stmt" count="0"/>
        <line num="152" type="stmt" count="0"/>
        <line num="153" type="stmt" count="0"/>
        <line num="154" type="stmt" count="0"/>
        <line num="155" type="stmt" count="0"/>
        <line num="156" type="stmt" count="0"/>
        <line num="158" type="stmt" count="0"/>
        <line num="159" type="stmt" count="0"/>
        <line num="160" type="stmt" count="0"/>
        <line num="161" type="stmt" count="0"/>
        <line num="162" type="stmt" count="0"/>
        <line num="163" type="stmt" count="0"/>
        <line num="164" type="stmt" count="0"/>
        <line num="165" type="stmt" count="0"/>
        <line num="166" type="stmt" count="0"/>
        <line num="167" type="stmt" count="0"/>
        <line num="168" type="stmt" count="0"/>
        <line num="169" type="stmt" count="0"/>
        <line num="170" type="stmt" count="0"/>
        <line num="171" type="stmt" count="0"/>
        <line num="172" type="stmt" count="0"/>
        <line num="173" type="stmt" count="0"/>
        <line num="174" type="stmt" count="0"/>
        <line num="175" type="stmt" count="0"/>
        <line num="176" type="stmt" count="0"/>
        <line num="177" type="stmt" count="0"/>
        <line num="178" type="stmt" count="0"/>
        <line num="187" type="method" name="generate_function" visibility="private" complexity="2" crap="6" count="0"/>
        <line num="188" type="stmt" count="0"/>
        <line num="190" type="stmt" count="0"/>
        <line num="192" type="stmt" count="0"/>
        <line num="193" type="stmt" count="0"/>
        <line num="202" type="method" name="create_function" visibility="private" complexity="4" crap="20" count="0"/>
        <line num="203" type="stmt" count="0"/>
        <line num="204" type="stmt" count="0"/>
        <line num="205" type="stmt" count="0"/>
        <line num="206" type="stmt" count="0"/>
        <line num="207" type="stmt" count="0"/>
        <line num="208" type="stmt" count="0"/>
        <line num="210" type="stmt" count="0"/>
        <line num="211" type="stmt" count="0"/>
        <line num="212" type="stmt" count="0"/>
        <line num="214" type="stmt" count="0"/>
        <line num="215" type="stmt" count="0"/>
        <line num="216" type="stmt" count="0"/>
        <line num="217" type="stmt" count="0"/>
        <line num="218" type="stmt" count="0"/>
        <line num="219" type="stmt" count="0"/>
        <line num="220" type="stmt" count="0"/>
        <line num="222" type="stmt" count="0"/>
        <line num="224" type="stmt" count="0"/>
        <line num="225" type="stmt" count="0"/>
        <line num="234" type="method" name="replace_function" visibility="private" complexity="3" crap="12" count="0"/>
        <line num="235" type="stmt" count="0"/>
        <line num="236" type="stmt" count="0"/>
        <line num="237" type="stmt" count="0"/>
        <line num="238" type="stmt" count="0"/>
        <line num="239" type="stmt" count="0"/>
        <line num="240" type="stmt" count="0"/>
        <line num="241" type="stmt" count="0"/>
        <line num="243" type="stmt" count="0"/>
        <line num="244" type="stmt" count="0"/>
        <line num="245" type="stmt" count="0"/>
        <line num="246" type="stmt" count="0"/>
        <line num="255" type="method" name="sanitize_function_name" visibility="private" complexity="1" crap="2" count="0"/>
        <line num="256" type="stmt" count="0"/>
        <line num="257" type="stmt" count="0"/>
        <line num="258" type="stmt" count="0"/>
        <line num="270" type="method" name="validate_function_name" visibility="private" complexity="6" crap="42" count="0"/>
        <line num="271" type="stmt" count="0"/>
        <line num="272" type="stmt" count="0"/>
        <line num="273" type="stmt" count="0"/>
        <line num="274" type="stmt" count="0"/>
        <line num="275" type="stmt" count="0"/>
        <line num="276" type="stmt" count="0"/>
        <line num="277" type="stmt" count="0"/>
        <line num="278" type="stmt" count="0"/>
        <line num="279" type="stmt" count="0"/>
        <line num="281" type="stmt" count="0"/>
        <line num="282" type="stmt" count="0"/>
        <line num="284" type="stmt" count="0"/>
        <line num="285" type="stmt" count="0"/>
        <line num="286" type="stmt" count="0"/>
        <line num="288" type="stmt" count="0"/>
        <line num="289" type="stmt" count="0"/>
        <line num="290" type="stmt" count="0"/>
        <line num="291" type="stmt" count="0"/>
        <line num="292" type="stmt" count="0"/>
        <metrics loc="295" ncloc="215" classes="1" methods="11" coveredmethods="0" conditionals="0" coveredconditionals="0" statements="161" coveredstatements="0" elements="172" coveredelements="0"/>
      </file>
      <file name="C:\wamp64\www\aus\wp-content\plugins\block-extend-martin\php\WP_Mock\Handler.php">
        <class name="WP_Mock\Handler" namespace="WP_Mock">
          <metrics complexity="13" methods="6" coveredmethods="0" conditionals="0" coveredconditionals="0" statements="34" coveredstatements="0" elements="40" coveredelements="0"/>
        </class>
        <line num="27" type="method" name="register_handler" visibility="public" complexity="1" crap="2" count="0"/>
        <line num="28" type="stmt" count="0"/>
        <line num="29" type="stmt" count="0"/>
        <line num="39" type="method" name="handle_function" visibility="public" complexity="3" crap="12" count="0"/>
        <line num="40" type="stmt" count="0"/>
        <line num="41" type="stmt" count="0"/>
        <line num="43" type="stmt" count="0"/>
        <line num="44" type="stmt" count="0"/>
        <line num="45" type="stmt" count="0"/>
        <line num="46" type="stmt" count="0"/>
        <line num="47" type="stmt" count="0"/>
        <line num="48" type="stmt" count="0"/>
        <line num="49" type="stmt" count="0"/>
        <line num="58" type="method" name="handler_exists" visibility="public" complexity="1" crap="2" count="0"/>
        <line num="59" type="stmt" count="0"/>
        <line num="60" type="stmt" count="0"/>
        <line num="65" type="method" name="cleanup" visibility="public" complexity="1" crap="2" count="0"/>
        <line num="66" type="stmt" count="0"/>
        <line num="67" type="stmt" count="0"/>
        <line num="77" type="method" name="predefined_return_function_helper" visibility="public" complexity="3" crap="12" count="0"/>
        <line num="78" type="stmt" count="0"/>
        <line num="79" type="stmt" count="0"/>
        <line num="80" type="stmt" count="0"/>
        <line num="81" type="stmt" count="0"/>
        <line num="83" type="stmt" count="0"/>
        <line num="84" type="stmt" count="0"/>
        <line num="94" type="method" name="predefined_echo_function_helper" visibility="public" complexity="4" crap="20" count="0"/>
        <line num="95" type="stmt" count="0"/>
        <line num="96" type="stmt" count="0"/>
        <line num="97" type="stmt" count="0"/>
        <line num="98" type="stmt" count="0"/>
        <line num="99" type="stmt" count="0"/>
        <line num="100" type="stmt" count="0"/>
        <line num="101" type="stmt" count="0"/>
        <line num="102" type="stmt" count="0"/>
        <line num="103" type="stmt" count="0"/>
        <line num="104" type="stmt" count="0"/>
        <line num="105" type="stmt" count="0"/>
        <line num="107" type="stmt" count="0"/>
        <line num="108" type="stmt" count="0"/>
        <metrics loc="110" ncloc="58" classes="1" methods="6" coveredmethods="0" conditionals="0" coveredconditionals="0" statements="34" coveredstatements="0" elements="40" coveredelements="0"/>
      </file>
      <file name="C:\wamp64\www\aus\wp-content\plugins\block-extend-martin\php\WP_Mock\Hook.php">
        <class name="WP_Mock\Hook" namespace="WP_Mock">
          <metrics complexity="16" methods="4" coveredmethods="0" conditionals="0" coveredconditionals="0" statements="40" coveredstatements="0" elements="44" coveredelements="0"/>
        </class>
        <line num="19" type="method" name="__construct" visibility="public" complexity="1" crap="2" count="0"/>
        <line num="20" type="stmt" count="0"/>
        <line num="21" type="stmt" count="0"/>
        <line num="23" type="method" name="safe_offset" visibility="protected" complexity="7" crap="56" count="0"/>
        <line num="24" type="stmt" count="0"/>
        <line num="25" type="stmt" count="0"/>
        <line num="26" type="stmt" count="0"/>
        <line num="27" type="stmt" count="0"/>
        <line num="28" type="stmt" count="0"/>
        <line num="29" type="stmt" count="0"/>
        <line num="30" type="stmt" count="0"/>
        <line num="31" type="stmt" count="0"/>
        <line num="32" type="stmt" count="0"/>
        <line num="33" type="stmt" count="0"/>
        <line num="34" type="stmt" count="0"/>
        <line num="35" type="stmt" count="0"/>
        <line num="37" type="stmt" count="0"/>
        <line num="38" type="stmt" count="0"/>
        <line num="40" type="stmt" count="0"/>
        <line num="41" type="stmt" count="0"/>
        <line num="44" type="method" name="with" visibility="public" complexity="4" crap="20" count="0"/>
        <line num="45" type="stmt" count="0"/>
        <line num="46" type="stmt" count="0"/>
        <line num="48" type="stmt" count="0"/>
        <line num="49" type="stmt" count="0"/>
        <line num="50" type="stmt" count="0"/>
        <line num="51" type="stmt" count="0"/>
        <line num="53" type="stmt" count="0"/>
        <line num="54" type="stmt" count="0"/>
        <line num="55" type="stmt" count="0"/>
        <line num="57" type="stmt" count="0"/>
        <line num="58" type="stmt" count="0"/>
        <line num="59" type="stmt" count="0"/>
        <line num="61" type="stmt" count="0"/>
        <line num="62" type="stmt" count="0"/>
        <line num="64" type="stmt" count="0"/>
        <line num="65" type="stmt" count="0"/>
        <line num="67" type="stmt" count="0"/>
        <line num="68" type="stmt" count="0"/>
        <line num="77" type="method" name="strict_check" visibility="protected" complexity="2" crap="6" count="0"/>
        <line num="78" type="stmt" count="0"/>
        <line num="79" type="stmt" count="0"/>
        <line num="80" type="stmt" count="0"/>
        <line num="81" type="stmt" count="0"/>
        <metrics loc="88" ncloc="71" classes="1" methods="4" coveredmethods="0" conditionals="0" coveredconditionals="0" statements="40" coveredstatements="0" elements="44" coveredelements="0"/>
      </file>
      <file name="C:\wamp64\www\aus\wp-content\plugins\block-extend-martin\php\WP_Mock\HookedCallback.php">
        <class name="WP_Mock\HookedCallback" namespace="WP_Mock">
          <metrics complexity="14" methods="6" coveredmethods="0" conditionals="0" coveredconditionals="0" statements="45" coveredstatements="0" elements="51" coveredelements="0"/>
        </class>
        <class name="WP_Mock\HookedCallbackResponder" namespace="WP_Mock">
          <metrics complexity="2" methods="2" coveredmethods="0" conditionals="0" coveredconditionals="0" statements="4" coveredstatements="0" elements="6" coveredelements="0"/>
        </class>
        <line num="13" type="method" name="setType" visibility="public" complexity="1" crap="2" count="0"/>
        <line num="14" type="stmt" count="0"/>
        <line num="15" type="stmt" count="0"/>
        <line num="17" type="method" name="react" visibility="public" complexity="4" crap="20" count="0"/>
        <line num="18" type="stmt" count="0"/>
        <line num="20" type="stmt" count="0"/>
        <line num="21" type="stmt" count="0"/>
        <line num="22" type="stmt" count="0"/>
        <line num="23" type="stmt" count="0"/>
        <line num="24" type="stmt" count="0"/>
        <line num="25" type="stmt" count="0"/>
        <line num="26" type="stmt" count="0"/>
        <line num="27" type="stmt" count="0"/>
        <line num="29" type="stmt" count="0"/>
        <line num="30" type="stmt" count="0"/>
        <line num="32" type="stmt" count="0"/>
        <line num="33" type="stmt" count="0"/>
        <line num="35" type="method" name="new_responder" visibility="protected" complexity="1" crap="2" count="0"/>
        <line num="36" type="stmt" count="0"/>
        <line num="37" type="stmt" count="0"/>
        <line num="39" type="method" name="safe_offset" visibility="protected" complexity="2" crap="6" count="0"/>
        <line num="40" type="stmt" count="0"/>
        <line num="41" type="stmt" count="0"/>
        <line num="42" type="stmt" count="0"/>
        <line num="44" type="stmt" count="0"/>
        <line num="45" type="stmt" count="0"/>
        <line num="57" type="method" name="callback_to_string" visibility="protected" complexity="5" crap="30" count="0"/>
        <line num="58" type="stmt" count="0"/>
        <line num="59" type="stmt" count="0"/>
        <line num="60" type="stmt" count="0"/>
        <line num="61" type="stmt" count="0"/>
        <line num="62" type="stmt" count="0"/>
        <line num="63" type="stmt" count="0"/>
        <line num="64" type="stmt" count="0"/>
        <line num="65" type="stmt" count="0"/>
        <line num="66" type="stmt" count="0"/>
        <line num="67" type="stmt" count="0"/>
        <line num="68" type="stmt" count="0"/>
        <line num="69" type="stmt" count="0"/>
        <line num="70" type="stmt" count="0"/>
        <line num="71" type="stmt" count="0"/>
        <line num="73" type="stmt" count="0"/>
        <line num="74" type="stmt" count="0"/>
        <line num="81" type="method" name="get_strict_mode_message" visibility="protected" complexity="1" crap="2" count="0"/>
        <line num="82" type="stmt" count="0"/>
        <line num="83" type="stmt" count="0"/>
        <line num="84" type="stmt" count="0"/>
        <line num="85" type="stmt" count="0"/>
        <line num="86" type="stmt" count="0"/>
        <line num="87" type="stmt" count="0"/>
        <line num="88" type="stmt" count="0"/>
        <line num="99" type="method" name="perform" visibility="public" complexity="1" crap="2" count="0"/>
        <line num="100" type="stmt" count="0"/>
        <line num="101" type="stmt" count="0"/>
        <line num="103" type="method" name="react" visibility="public" complexity="1" crap="2" count="0"/>
        <line num="104" type="stmt" count="0"/>
        <line num="105" type="stmt" count="0"/>
        <metrics loc="107" ncloc="86" classes="2" methods="8" coveredmethods="0" conditionals="0" coveredconditionals="0" statements="49" coveredstatements="0" elements="57" coveredelements="0"/>
      </file>
      <file name="C:\wamp64\www\aus\wp-content\plugins\block-extend-martin\php\WP_Mock\InvokedFilterValue.php">
        <class name="WP_Mock\InvokedFilterValue" namespace="WP_Mock">
          <metrics complexity="2" methods="2" coveredmethods="0" conditionals="0" coveredconditionals="0" statements="4" coveredstatements="0" elements="6" coveredelements="0"/>
        </class>
        <line num="17" type="method" name="__construct" visibility="public" complexity="1" crap="2" count="0"/>
        <line num="18" type="stmt" count="0"/>
        <line num="19" type="stmt" count="0"/>
        <line num="21" type="method" name="__invoke" visibility="public" complexity="1" crap="2" count="0"/>
        <line num="22" type="stmt" count="0"/>
        <line num="23" type="stmt" count="0"/>
        <metrics loc="25" ncloc="17" classes="1" methods="2" coveredmethods="0" conditionals="0" coveredconditionals="0" statements="4" coveredstatements="0" elements="6" coveredelements="0"/>
      </file>
      <file name="C:\wamp64\www\aus\wp-content\plugins\block-extend-martin\php\WP_Mock\Loader.php">
        <class name="WP_Mock\Loader" namespace="WP_Mock">
          <metrics complexity="16" methods="11" coveredmethods="0" conditionals="0" coveredconditionals="0" statements="38" coveredstatements="0" elements="49" coveredelements="0"/>
        </class>
        <line num="35" type="method" name="__construct" visibility="public" complexity="1" crap="2" count="0"/>
        <line num="36" type="stmt" count="0"/>
        <line num="37" type="stmt" count="0"/>
        <line num="38" type="stmt" count="0"/>
        <line num="45" type="method" name="setNamespaceSeparator" visibility="public" complexity="1" crap="2" count="0"/>
        <line num="46" type="stmt" count="0"/>
        <line num="47" type="stmt" count="0"/>
        <line num="54" type="method" name="getNamespaceSeparator" visibility="public" complexity="1" crap="2" count="0"/>
        <line num="55" type="stmt" count="0"/>
        <line num="56" type="stmt" count="0"/>
        <line num="63" type="method" name="setIncludePath" visibility="public" complexity="1" crap="2" count="0"/>
        <line num="64" type="stmt" count="0"/>
        <line num="65" type="stmt" count="0"/>
        <line num="72" type="method" name="getIncludePath" visibility="public" complexity="1" crap="2" count="0"/>
        <line num="73" type="stmt" count="0"/>
        <line num="74" type="stmt" count="0"/>
        <line num="81" type="method" name="setFileExtension" visibility="public" complexity="1" crap="2" count="0"/>
        <line num="82" type="stmt" count="0"/>
        <line num="83" type="stmt" count="0"/>
        <line num="90" type="method" name="getFileExtension" visibility="public" complexity="1" crap="2" count="0"/>
        <line num="91" type="stmt" count="0"/>
        <line num="92" type="stmt" count="0"/>
        <line num="99" type="method" name="register" visibility="public" complexity="1" crap="2" count="0"/>
        <line num="101" type="stmt" count="0"/>
        <line num="106" type="method" name="unregister" visibility="public" complexity="1" crap="2" count="0"/>
        <line num="108" type="stmt" count="0"/>
        <line num="117" type="method" name="loadClass" visibility="public" complexity="5" crap="30" count="0"/>
        <line num="118" type="stmt" count="0"/>
        <line num="119" type="stmt" count="0"/>
        <line num="120" type="stmt" count="0"/>
        <line num="122" type="stmt" count="0"/>
        <line num="123" type="stmt" count="0"/>
        <line num="124" type="stmt" count="0"/>
        <line num="125" type="stmt" count="0"/>
        <line num="126" type="stmt" count="0"/>
        <line num="127" type="stmt" count="0"/>
        <line num="128" type="stmt" count="0"/>
        <line num="129" type="stmt" count="0"/>
        <line num="130" type="stmt" count="0"/>
        <line num="131" type="stmt" count="0"/>
        <line num="132" type="stmt" count="0"/>
        <line num="133" type="stmt" count="0"/>
        <line num="134" type="stmt" count="0"/>
        <line num="135" type="stmt" count="0"/>
        <line num="136" type="stmt" count="0"/>
        <line num="137" type="stmt" count="0"/>
        <line num="146" type="method" name="getFullPath" visibility="private" complexity="2" crap="6" count="0"/>
        <line num="147" type="stmt" count="0"/>
        <line num="148" type="stmt" count="0"/>
        <metrics loc="149" ncloc="70" classes="1" methods="11" coveredmethods="0" conditionals="0" coveredconditionals="0" statements="38" coveredstatements="0" elements="49" coveredelements="0"/>
      </file>
      <file name="C:\wamp64\www\aus\wp-content\plugins\block-extend-martin\php\WP_Mock\ReturnSequence.php">
        <class name="WP_Mock\ReturnSequence" namespace="WP_Mock">
          <metrics complexity="3" methods="3" coveredmethods="0" conditionals="0" coveredconditionals="0" statements="6" coveredstatements="0" elements="9" coveredelements="0"/>
        </class>
        <line num="15" type="method" name="__construct" visibility="public" complexity="1" crap="2" count="0"/>
        <line num="16" type="stmt" count="0"/>
        <line num="17" type="stmt" count="0"/>
        <line num="24" type="method" name="getReturnValues" visibility="public" complexity="1" crap="2" count="0"/>
        <line num="25" type="stmt" count="0"/>
        <line num="26" type="stmt" count="0"/>
        <line num="35" type="method" name="setReturnValues" visibility="public" complexity="1" crap="2" count="0"/>
        <line num="36" type="stmt" count="0"/>
        <line num="37" type="stmt" count="0"/>
        <metrics loc="38" ncloc="20" classes="1" methods="3" coveredmethods="0" conditionals="0" coveredconditionals="0" statements="6" coveredstatements="0" elements="9" coveredelements="0"/>
      </file>
    </package>
    <package name="WP_Mock\Matcher">
      <file name="C:\wamp64\www\aus\wp-content\plugins\block-extend-martin\php\WP_Mock\Matcher\FuzzyObject.php">
        <class name="WP_Mock\Matcher\FuzzyObject" namespace="WP_Mock\Matcher">
          <metrics complexity="17" methods="4" coveredmethods="0" conditionals="0" coveredconditionals="0" statements="53" coveredstatements="0" elements="57" coveredelements="0"/>
        </class>
        <line num="15" type="method" name="__construct" visibility="public" complexity="3" crap="12" count="0"/>
        <line num="16" type="stmt" count="0"/>
        <line num="17" type="stmt" count="0"/>
        <line num="18" type="stmt" count="0"/>
        <line num="19" type="stmt" count="0"/>
        <line num="20" type="stmt" count="0"/>
        <line num="21" type="stmt" count="0"/>
        <line num="22" type="stmt" count="0"/>
        <line num="23" type="stmt" count="0"/>
        <line num="24" type="stmt" count="0"/>
        <line num="35" type="method" name="match" visibility="public" complexity="7" crap="56" count="0"/>
        <line num="36" type="stmt" count="0"/>
        <line num="37" type="stmt" count="0"/>
        <line num="38" type="stmt" count="0"/>
        <line num="40" type="stmt" count="0"/>
        <line num="41" type="stmt" count="0"/>
        <line num="42" type="stmt" count="0"/>
        <line num="44" type="stmt" count="0"/>
        <line num="46" type="stmt" count="0"/>
        <line num="47" type="stmt" count="0"/>
        <line num="48" type="stmt" count="0"/>
        <line num="49" type="stmt" count="0"/>
        <line num="50" type="stmt" count="0"/>
        <line num="52" type="stmt" count="0"/>
        <line num="53" type="stmt" count="0"/>
        <line num="54" type="stmt" count="0"/>
        <line num="55" type="stmt" count="0"/>
        <line num="56" type="stmt" count="0"/>
        <line num="58" type="stmt" count="0"/>
        <line num="59" type="stmt" count="0"/>
        <line num="66" type="method" name="__toString" visibility="public" complexity="5" crap="30" count="0"/>
        <line num="67" type="stmt" count="0"/>
        <line num="69" type="stmt" count="0"/>
        <line num="70" type="stmt" count="0"/>
        <line num="71" type="stmt" count="0"/>
        <line num="72" type="stmt" count="0"/>
        <line num="73" type="stmt" count="0"/>
        <line num="74" type="stmt" count="0"/>
        <line num="75" type="stmt" count="0"/>
        <line num="76" type="stmt" count="0"/>
        <line num="77" type="stmt" count="0"/>
        <line num="78" type="stmt" count="0"/>
        <line num="79" type="stmt" count="0"/>
        <line num="80" type="stmt" count="0"/>
        <line num="81" type="stmt" count="0"/>
        <line num="82" type="stmt" count="0"/>
        <line num="83" type="stmt" count="0"/>
        <line num="91" type="method" name="haveCommonAncestor" visibility="protected" complexity="2" crap="6" count="0"/>
        <line num="92" type="stmt" count="0"/>
        <line num="93" type="stmt" count="0"/>
        <line num="94" type="stmt" count="0"/>
        <line num="95" type="stmt" count="0"/>
        <line num="96" type="stmt" count="0"/>
        <line num="97" type="stmt" count="0"/>
        <line num="98" type="stmt" count="0"/>
        <line num="99" type="stmt" count="0"/>
        <line num="100" type="stmt" count="0"/>
        <metrics loc="101" ncloc="76" classes="1" methods="4" coveredmethods="0" conditionals="0" coveredconditionals="0" statements="53" coveredstatements="0" elements="57" coveredelements="0"/>
      </file>
    </package>
    <package name="WP_Mock\Tools\Constraints">
      <file name="C:\wamp64\www\aus\wp-content\plugins\block-extend-martin\php\WP_Mock\Tools\Constraints\ExpectationsMet.php">
        <class name="WP_Mock\Tools\Constraints\ExpectationsMet" namespace="WP_Mock\Tools\Constraints">
          <metrics complexity="5" methods="4" coveredmethods="0" conditionals="0" coveredconditionals="0" statements="14" coveredstatements="0" elements="18" coveredelements="0"/>
        </class>
        <line num="13" type="method" name="matches" visibility="public" complexity="2" crap="6" count="0"/>
        <line num="14" type="stmt" count="0"/>
        <line num="15" type="stmt" count="0"/>
        <line num="16" type="stmt" count="0"/>
        <line num="17" type="stmt" count="0"/>
        <line num="18" type="stmt" count="0"/>
        <line num="19" type="stmt" count="0"/>
        <line num="20" type="stmt" count="0"/>
        <line num="21" type="stmt" count="0"/>
        <line num="28" type="method" name="toString" visibility="public" complexity="1" crap="2" count="0"/>
        <line num="29" type="stmt" count="0"/>
        <line num="30" type="stmt" count="0"/>
        <line num="32" type="method" name="additionalFailureDescription" visibility="protected" complexity="1" crap="2" count="0"/>
        <line num="33" type="stmt" count="0"/>
        <line num="34" type="stmt" count="0"/>
        <line num="36" type="method" name="failureDescription" visibility="protected" complexity="1" crap="2" count="0"/>
        <line num="37" type="stmt" count="0"/>
        <line num="38" type="stmt" count="0"/>
        <metrics loc="40" ncloc="35" classes="1" methods="4" coveredmethods="0" conditionals="0" coveredconditionals="0" statements="14" coveredstatements="0" elements="18" coveredelements="0"/>
      </file>
      <file name="C:\wamp64\www\aus\wp-content\plugins\block-extend-martin\php\WP_Mock\Tools\Constraints\IsEqualHtml.php">
        <class name="WP_Mock\Tools\Constraints\IsEqualHtml" namespace="WP_Mock\Tools\Constraints">
          <metrics complexity="3" methods="3" coveredmethods="0" conditionals="0" coveredconditionals="0" statements="21" coveredstatements="0" elements="24" coveredelements="0"/>
        </class>
        <line num="31" type="method" name="__construct" visibility="public" complexity="1" crap="2" count="0"/>
        <line num="32" type="stmt" count="0"/>
        <line num="33" type="stmt" count="0"/>
        <line num="34" type="stmt" count="0"/>
        <line num="35" type="stmt" count="0"/>
        <line num="36" type="stmt" count="0"/>
        <line num="37" type="stmt" count="0"/>
        <line num="38" type="stmt" count="0"/>
        <line num="39" type="stmt" count="0"/>
        <line num="40" type="stmt" count="0"/>
        <line num="41" type="stmt" count="0"/>
        <line num="42" type="stmt" count="0"/>
        <line num="43" type="stmt" count="0"/>
        <line num="45" type="method" name="clean" visibility="private" complexity="1" crap="2" count="0"/>
        <line num="46" type="stmt" count="0"/>
        <line num="47" type="stmt" count="0"/>
        <line num="48" type="stmt" count="0"/>
        <line num="49" type="stmt" count="0"/>
        <line num="51" type="method" name="evaluate" visibility="public" complexity="1" crap="2" count="0"/>
        <line num="52" type="stmt" count="0"/>
        <line num="53" type="stmt" count="0"/>
        <line num="54" type="stmt" count="0"/>
        <line num="55" type="stmt" count="0"/>
        <line num="56" type="stmt" count="0"/>
        <metrics loc="57" ncloc="45" classes="1" methods="3" coveredmethods="0" conditionals="0" coveredconditionals="0" statements="21" coveredstatements="0" elements="24" coveredelements="0"/>
      </file>
    </package>
    <package name="WP_Mock\Tools">
      <file name="C:\wamp64\www\aus\wp-content\plugins\block-extend-martin\php\WP_Mock\Tools\TestCase.php">
        <class name="WP_Mock\Tools\TestCase" namespace="WP_Mock\Tools">
          <metrics complexity="46" methods="19" coveredmethods="0" conditionals="0" coveredconditionals="0" statements="169" coveredstatements="0" elements="188" coveredelements="0"/>
        </class>
        <line num="43" type="method" name="setUp" visibility="public" complexity="1" crap="2" count="0"/>
        <line num="44" type="stmt" count="0"/>
        <line num="46" type="stmt" count="0"/>
        <line num="48" type="stmt" count="0"/>
        <line num="49" type="stmt" count="0"/>
        <line num="50" type="stmt" count="0"/>
        <line num="52" type="stmt" count="0"/>
        <line num="54" type="stmt" count="0"/>
        <line num="55" type="stmt" count="0"/>
        <line num="57" type="method" name="tearDown" visibility="public" complexity="1" crap="2" count="0"/>
        <line num="58" type="stmt" count="0"/>
        <line num="60" type="stmt" count="0"/>
        <line num="62" type="stmt" count="0"/>
        <line num="64" type="stmt" count="0"/>
        <line num="65" type="stmt" count="0"/>
        <line num="66" type="stmt" count="0"/>
        <line num="67" type="stmt" count="0"/>
        <line num="69" type="method" name="assertActionsCalled" visibility="public" complexity="2" crap="6" count="0"/>
        <line num="70" type="stmt" count="0"/>
        <line num="71" type="stmt" count="0"/>
        <line num="72" type="stmt" count="0"/>
        <line num="73" type="stmt" count="0"/>
        <line num="74" type="stmt" count="0"/>
        <line num="75" type="stmt" count="0"/>
        <line num="76" type="stmt" count="0"/>
        <line num="77" type="stmt" count="0"/>
        <line num="78" type="stmt" count="0"/>
        <line num="80" type="method" name="assertHooksAdded" visibility="public" complexity="2" crap="6" count="0"/>
        <line num="81" type="stmt" count="0"/>
        <line num="82" type="stmt" count="0"/>
        <line num="83" type="stmt" count="0"/>
        <line num="84" type="stmt" count="0"/>
        <line num="85" type="stmt" count="0"/>
        <line num="86" type="stmt" count="0"/>
        <line num="87" type="stmt" count="0"/>
        <line num="88" type="stmt" count="0"/>
        <line num="89" type="stmt" count="0"/>
        <line num="91" type="method" name="ns" visibility="public" complexity="4" crap="20" count="0"/>
        <line num="92" type="stmt" count="0"/>
        <line num="93" type="stmt" count="0"/>
        <line num="94" type="stmt" count="0"/>
        <line num="96" type="stmt" count="0"/>
        <line num="98" type="stmt" count="0"/>
        <line num="99" type="stmt" count="0"/>
        <line num="100" type="stmt" count="0"/>
        <line num="106" type="stmt" count="0"/>
        <line num="108" type="stmt" count="0"/>
        <line num="109" type="stmt" count="0"/>
        <line num="111" type="method" name="stripTabsAndNewlines" visibility="public" complexity="1" crap="2" count="0"/>
        <line num="112" type="stmt" count="0"/>
        <line num="113" type="stmt" count="0"/>
        <line num="115" type="method" name="expectOutputString" visibility="public" complexity="2" crap="6" count="0"/>
        <line num="116" type="stmt" count="0"/>
        <line num="117" type="stmt" count="0"/>
        <line num="118" type="stmt" count="0"/>
        <line num="119" type="stmt" count="0"/>
        <line num="120" type="stmt" count="0"/>
        <line num="122" type="method" name="assertCurrentConditionsMet" visibility="public" complexity="1" crap="2" count="0"/>
        <line num="123" type="stmt" count="0"/>
        <line num="124" type="stmt" count="0"/>
        <line num="126" type="method" name="assertConditionsMet" visibility="public" complexity="1" crap="2" count="0"/>
        <line num="127" type="stmt" count="0"/>
        <line num="128" type="stmt" count="0"/>
        <line num="130" type="method" name="assertEqualsHTML" visibility="public" complexity="1" crap="2" count="0"/>
        <line num="131" type="stmt" count="0"/>
        <line num="132" type="stmt" count="0"/>
        <line num="133" type="stmt" count="0"/>
        <line num="143" type="method" name="prepareTemplate" visibility="protected" complexity="1" crap="2" count="0"/>
        <line num="144" type="stmt" count="0"/>
        <line num="145" type="stmt" count="0"/>
        <line num="146" type="stmt" count="0"/>
        <line num="147" type="stmt" count="0"/>
        <line num="148" type="stmt" count="0"/>
        <line num="160" type="method" name="mockStaticMethod" visibility="protected" complexity="11" crap="132" count="0"/>
        <line num="161" type="stmt" count="0"/>
        <line num="162" type="stmt" count="0"/>
        <line num="163" type="stmt" count="0"/>
        <line num="164" type="stmt" count="0"/>
        <line num="165" type="stmt" count="0"/>
        <line num="166" type="stmt" count="0"/>
        <line num="167" type="stmt" count="0"/>
        <line num="168" type="stmt" count="0"/>
        <line num="169" type="stmt" count="0"/>
        <line num="171" type="stmt" count="0"/>
        <line num="172" type="stmt" count="0"/>
        <line num="173" type="stmt" count="0"/>
        <line num="174" type="stmt" count="0"/>
        <line num="175" type="stmt" count="0"/>
        <line num="177" type="stmt" count="0"/>
        <line num="178" type="stmt" count="0"/>
        <line num="179" type="stmt" count="0"/>
        <line num="180" type="stmt" count="0"/>
        <line num="181" type="stmt" count="0"/>
        <line num="182" type="stmt" count="0"/>
        <line num="183" type="stmt" count="0"/>
        <line num="184" type="stmt" count="0"/>
        <line num="185" type="stmt" count="0"/>
        <line num="186" type="stmt" count="0"/>
        <line num="187" type="stmt" count="0"/>
        <line num="188" type="stmt" count="0"/>
        <line num="189" type="stmt" count="0"/>
        <line num="190" type="stmt" count="0"/>
        <line num="193" type="stmt" count="0"/>
        <line num="194" type="stmt" count="0"/>
        <line num="195" type="stmt" count="0"/>
        <line num="198" type="stmt" count="0"/>
        <line num="199" type="stmt" count="0"/>
        <line num="200" type="stmt" count="0"/>
        <line num="201" type="stmt" count="0"/>
        <line num="203" type="stmt" count="0"/>
        <line num="204" type="stmt" count="0"/>
        <line num="211" type="method" name="mockPost" visibility="protected" complexity="1" crap="2" count="0"/>
        <line num="213" type="stmt" count="0"/>
        <line num="214" type="stmt" count="0"/>
        <line num="215" type="stmt" count="0"/>
        <line num="216" type="stmt" count="0"/>
        <line num="217" type="stmt" count="0"/>
        <line num="218" type="stmt" count="0"/>
        <line num="219" type="stmt" count="0"/>
        <line num="220" type="stmt" count="0"/>
        <line num="221" type="stmt" count="0"/>
        <line num="222" type="stmt" count="0"/>
        <line num="223" type="stmt" count="0"/>
        <line num="224" type="stmt" count="0"/>
        <line num="225" type="stmt" count="0"/>
        <line num="226" type="stmt" count="0"/>
        <line num="227" type="stmt" count="0"/>
        <line num="228" type="stmt" count="0"/>
        <line num="229" type="stmt" count="0"/>
        <line num="230" type="stmt" count="0"/>
        <line num="231" type="stmt" count="0"/>
        <line num="232" type="stmt" count="0"/>
        <line num="234" type="stmt" count="0"/>
        <line num="235" type="stmt" count="0"/>
        <line num="237" type="stmt" count="0"/>
        <line num="238" type="stmt" count="0"/>
        <line num="245" type="method" name="mockWp" visibility="protected" complexity="1" crap="2" count="0"/>
        <line num="247" type="stmt" count="0"/>
        <line num="248" type="stmt" count="0"/>
        <line num="250" type="stmt" count="0"/>
        <line num="251" type="stmt" count="0"/>
        <line num="253" type="method" name="cleanGlobals" visibility="protected" complexity="3" crap="12" count="0"/>
        <line num="254" type="stmt" count="0"/>
        <line num="255" type="stmt" count="0"/>
        <line num="256" type="stmt" count="0"/>
        <line num="257" type="stmt" count="0"/>
        <line num="258" type="stmt" count="0"/>
        <line num="259" type="stmt" count="0"/>
        <line num="260" type="stmt" count="0"/>
        <line num="261" type="stmt" count="0"/>
        <line num="262" type="stmt" count="0"/>
        <line num="264" type="stmt" count="0"/>
        <line num="272" type="method" name="requireFileDependencies" visibility="protected" complexity="5" crap="30" count="0"/>
        <line num="273" type="stmt" count="0"/>
        <line num="274" type="stmt" count="0"/>
        <line num="275" type="stmt" count="0"/>
        <line num="276" type="stmt" count="0"/>
        <line num="277" type="stmt" count="0"/>
        <line num="278" type="stmt" count="0"/>
        <line num="279" type="stmt" count="0"/>
        <line num="280" type="stmt" count="0"/>
        <line num="282" type="method" name="setUpContentFiltering" visibility="protected" complexity="5" crap="30" count="0"/>
        <line num="283" type="stmt" count="0"/>
        <line num="285" type="stmt" count="0"/>
        <line num="286" type="stmt" count="0"/>
        <line num="287" type="stmt" count="0"/>
        <line num="288" type="stmt" count="0"/>
        <line num="289" type="stmt" count="0"/>
        <line num="290" type="stmt" count="0"/>
        <line num="291" type="stmt" count="0"/>
        <line num="292" type="stmt" count="0"/>
        <line num="293" type="stmt" count="0"/>
        <line num="294" type="stmt" count="0"/>
        <line num="295" type="stmt" count="0"/>
        <line num="296" type="stmt" count="0"/>
        <line num="297" type="stmt" count="0"/>
        <line num="299" type="method" name="run" visibility="public" complexity="2" crap="6" count="0"/>
        <line num="300" type="stmt" count="0"/>
        <line num="301" type="stmt" count="0"/>
        <line num="302" type="stmt" count="0"/>
        <line num="304" type="stmt" count="0"/>
        <line num="305" type="stmt" count="0"/>
        <line num="307" type="stmt" count="0"/>
        <line num="308" type="stmt" count="0"/>
        <line num="313" type="method" name="checkDeprecatedCalls" visibility="public" complexity="1" crap="2" count="0"/>
        <line num="314" type="stmt" count="0"/>
        <line num="315" type="stmt" count="0"/>
        <line num="316" type="stmt" count="0"/>
        <metrics loc="319" ncloc="257" classes="1" methods="19" coveredmethods="0" conditionals="0" coveredconditionals="0" statements="169" coveredstatements="0" elements="188" coveredelements="0"/>
      </file>
    </package>
    <file name="C:\wamp64\www\aus\wp-content\plugins\block-extend-martin\php\class-plugin-cli-command.php">
      <class name="Example_Command" namespace="global" fullPackage="Example">
        <metrics complexity="1" methods="1" coveredmethods="0" conditionals="0" coveredconditionals="0" statements="4" coveredstatements="0" elements="5" coveredelements="0"/>
      </class>
      <line num="30" type="method" name="hello" complexity="1" crap="2" count="0"/>
      <line num="31" type="stmt" count="0"/>
      <line num="34" type="stmt" count="0"/>
      <line num="35" type="stmt" count="0"/>
      <line num="36" type="stmt" count="0"/>
      <line num="39" type="stmt" count="0"/>
      <metrics loc="39" ncloc="11" classes="1" methods="1" coveredmethods="0" conditionals="0" coveredconditionals="0" statements="5" coveredstatements="0" elements="6" coveredelements="0"/>
    </file>
    <metrics files="26" loc="3054" ncloc="2006" classes="23" methods="163" coveredmethods="0" conditionals="0" coveredconditionals="0" statements="1200" coveredstatements="0" elements="1363" coveredelements="0"/>
  </project>
</coverage>
